<?xml version="1.0" encoding="UTF-8"?>
<testng-results skipped="0" failed="1" total="4" passed="3">
  <reporter-output>
  </reporter-output>
  <suite name="Suite" duration-ms="109564" started-at="2016-08-27T09:26:10Z" finished-at="2016-08-27T09:28:00Z">
    <groups>
    </groups>
    <test name="Test" duration-ms="109564" started-at="2016-08-27T09:26:10Z" finished-at="2016-08-27T09:28:00Z">
      <class name="com.qa.mark42.testscripts.HomePage_TestScripts">
        <test-method status="PASS" signature="launchBrowser(java.lang.String, java.lang.String)[pri:0, instance:com.qa.mark42.testscripts.HomePage_TestScripts@24fabd0f]" name="launchBrowser" is-config="true" duration-ms="40108" started-at="2016-08-27T14:56:10Z" finished-at="2016-08-27T14:56:51Z">
          <params>
            <param index="0">
              <value>
                <![CDATA[firefox]]>
              </value>
            </param>
            <param index="1">
              <value>
                <![CDATA[https://www.hdfcbank.com]]>
              </value>
            </param>
          </params>
          <reporter-output>
          </reporter-output>
        </test-method> <!-- launchBrowser -->
        <test-method status="PASS" signature="VerifyPageTitle()[pri:0, instance:com.qa.mark42.testscripts.HomePage_TestScripts@24fabd0f]" name="VerifyPageTitle" duration-ms="63" started-at="2016-08-27T14:56:51Z" finished-at="2016-08-27T14:56:51Z">
          <reporter-output>
          </reporter-output>
        </test-method> <!-- VerifyPageTitle -->
        <test-method status="PASS" signature="tearDown()[pri:0, instance:com.qa.mark42.testscripts.HomePage_TestScripts@24fabd0f]" name="tearDown" is-config="true" duration-ms="1571" started-at="2016-08-27T14:56:51Z" finished-at="2016-08-27T14:56:52Z">
          <reporter-output>
          </reporter-output>
        </test-method> <!-- tearDown -->
        <test-method status="PASS" signature="launchBrowser(java.lang.String, java.lang.String)[pri:0, instance:com.qa.mark42.testscripts.HomePage_TestScripts@24fabd0f]" name="launchBrowser" is-config="true" duration-ms="22439" started-at="2016-08-27T14:56:52Z" finished-at="2016-08-27T14:57:15Z">
          <params>
            <param index="0">
              <value>
                <![CDATA[firefox]]>
              </value>
            </param>
            <param index="1">
              <value>
                <![CDATA[https://www.hdfcbank.com]]>
              </value>
            </param>
          </params>
          <reporter-output>
          </reporter-output>
        </test-method> <!-- launchBrowser -->
        <test-method status="PASS" signature="method1()[pri:0, instance:com.qa.mark42.testscripts.HomePage_TestScripts@24fabd0f]" name="method1" duration-ms="41" started-at="2016-08-27T14:57:15Z" finished-at="2016-08-27T14:57:15Z">
          <reporter-output>
          </reporter-output>
        </test-method> <!-- method1 -->
        <test-method status="PASS" signature="tearDown()[pri:0, instance:com.qa.mark42.testscripts.HomePage_TestScripts@24fabd0f]" name="tearDown" is-config="true" duration-ms="1003" started-at="2016-08-27T14:57:15Z" finished-at="2016-08-27T14:57:16Z">
          <reporter-output>
          </reporter-output>
        </test-method> <!-- tearDown -->
        <test-method status="PASS" signature="launchBrowser(java.lang.String, java.lang.String)[pri:0, instance:com.qa.mark42.testscripts.HomePage_TestScripts@24fabd0f]" name="launchBrowser" is-config="true" duration-ms="19658" started-at="2016-08-27T14:57:16Z" finished-at="2016-08-27T14:57:35Z">
          <params>
            <param index="0">
              <value>
                <![CDATA[firefox]]>
              </value>
            </param>
            <param index="1">
              <value>
                <![CDATA[https://www.hdfcbank.com]]>
              </value>
            </param>
          </params>
          <reporter-output>
          </reporter-output>
        </test-method> <!-- launchBrowser -->
        <test-method status="PASS" signature="method2()[pri:0, instance:com.qa.mark42.testscripts.HomePage_TestScripts@24fabd0f]" name="method2" duration-ms="43" started-at="2016-08-27T14:57:35Z" finished-at="2016-08-27T14:57:35Z">
          <reporter-output>
          </reporter-output>
        </test-method> <!-- method2 -->
        <test-method status="PASS" signature="tearDown()[pri:0, instance:com.qa.mark42.testscripts.HomePage_TestScripts@24fabd0f]" name="tearDown" is-config="true" duration-ms="937" started-at="2016-08-27T14:57:35Z" finished-at="2016-08-27T14:57:36Z">
          <reporter-output>
          </reporter-output>
        </test-method> <!-- tearDown -->
        <test-method status="PASS" signature="launchBrowser(java.lang.String, java.lang.String)[pri:0, instance:com.qa.mark42.testscripts.HomePage_TestScripts@24fabd0f]" name="launchBrowser" is-config="true" duration-ms="22513" started-at="2016-08-27T14:57:36Z" finished-at="2016-08-27T14:57:59Z">
          <params>
            <param index="0">
              <value>
                <![CDATA[firefox]]>
              </value>
            </param>
            <param index="1">
              <value>
                <![CDATA[https://www.hdfcbank.com]]>
              </value>
            </param>
          </params>
          <reporter-output>
          </reporter-output>
        </test-method> <!-- launchBrowser -->
        <test-method status="FAIL" signature="method3()[pri:0, instance:com.qa.mark42.testscripts.HomePage_TestScripts@24fabd0f]" name="method3" duration-ms="82" started-at="2016-08-27T14:57:59Z" finished-at="2016-08-27T14:57:59Z">
          <exception class="junit.framework.AssertionFailedError">
            <message>
              <![CDATA[Page title doesn't matched]]>
            </message>
            <full-stacktrace>
              <![CDATA[junit.framework.AssertionFailedError: Page title doesn't matched
	at junit.framework.Assert.fail(Assert.java:50)
	at junit.framework.Assert.assertTrue(Assert.java:20)
	at com.qa.mark42.pageobjects.HomePage.verifyPageTitle(HomePage.java:11)
	at com.qa.mark42.testscripts.HomePage_TestScripts.method3(HomePage_TestScripts.java:43)
	at sun.reflect.NativeMethodAccessorImpl.invoke0(Native Method)
	at sun.reflect.NativeMethodAccessorImpl.invoke(Unknown Source)
	at sun.reflect.DelegatingMethodAccessorImpl.invoke(Unknown Source)
	at java.lang.reflect.Method.invoke(Unknown Source)
	at org.testng.internal.MethodInvocationHelper.invokeMethod(MethodInvocationHelper.java:85)
	at org.testng.internal.Invoker.invokeMethod(Invoker.java:639)
	at org.testng.internal.Invoker.invokeTestMethod(Invoker.java:816)
	at org.testng.internal.Invoker.invokeTestMethods(Invoker.java:1124)
	at org.testng.internal.TestMethodWorker.invokeTestMethods(TestMethodWorker.java:125)
	at org.testng.internal.TestMethodWorker.run(TestMethodWorker.java:108)
	at org.testng.TestRunner.privateRun(TestRunner.java:774)
	at org.testng.TestRunner.run(TestRunner.java:624)
	at org.testng.SuiteRunner.runTest(SuiteRunner.java:359)
	at org.testng.SuiteRunner.runSequentially(SuiteRunner.java:354)
	at org.testng.SuiteRunner.privateRun(SuiteRunner.java:312)
	at org.testng.SuiteRunner.run(SuiteRunner.java:261)
	at org.testng.SuiteRunnerWorker.runSuite(SuiteRunnerWorker.java:52)
	at org.testng.SuiteRunnerWorker.run(SuiteRunnerWorker.java:86)
	at org.testng.TestNG.runSuitesSequentially(TestNG.java:1215)
	at org.testng.TestNG.runSuitesLocally(TestNG.java:1140)
	at org.testng.TestNG.run(TestNG.java:1048)
	at org.apache.maven.surefire.testng.TestNGExecutor.run(TestNGExecutor.java:282)
	at org.apache.maven.surefire.testng.TestNGXmlTestSuite.execute(TestNGXmlTestSuite.java:83)
	at org.apache.maven.surefire.testng.TestNGProvider.invoke(TestNGProvider.java:114)
	at sun.reflect.NativeMethodAccessorImpl.invoke0(Native Method)
	at sun.reflect.NativeMethodAccessorImpl.invoke(Unknown Source)
	at sun.reflect.DelegatingMethodAccessorImpl.invoke(Unknown Source)
	at java.lang.reflect.Method.invoke(Unknown Source)
	at org.apache.maven.surefire.util.ReflectionUtils.invokeMethodWithArray2(ReflectionUtils.java:202)
	at org.apache.maven.surefire.booter.ProviderFactory$ProviderProxy.invoke(ProviderFactory.java:155)
	at org.apache.maven.surefire.booter.ProviderFactory.invokeProvider(ProviderFactory.java:81)
	at org.apache.maven.plugin.surefire.InPluginVMSurefireStarter.runSuitesInProcess(InPluginVMSurefireStarter.java:82)
	at org.apache.maven.plugin.surefire.AbstractSurefireMojo.executeProvider(AbstractSurefireMojo.java:998)
	at org.apache.maven.plugin.surefire.AbstractSurefireMojo.executeAfterPreconditionsChecked(AbstractSurefireMojo.java:850)
	at org.apache.maven.plugin.surefire.AbstractSurefireMojo.execute(AbstractSurefireMojo.java:739)
	at org.apache.maven.plugin.DefaultBuildPluginManager.executeMojo(DefaultBuildPluginManager.java:134)
	at org.apache.maven.lifecycle.internal.MojoExecutor.execute(MojoExecutor.java:207)
	at org.apache.maven.lifecycle.internal.MojoExecutor.execute(MojoExecutor.java:153)
	at org.apache.maven.lifecycle.internal.MojoExecutor.execute(MojoExecutor.java:145)
	at org.apache.maven.lifecycle.internal.LifecycleModuleBuilder.buildProject(LifecycleModuleBuilder.java:116)
	at org.apache.maven.lifecycle.internal.LifecycleModuleBuilder.buildProject(LifecycleModuleBuilder.java:80)
	at org.apache.maven.lifecycle.internal.builder.singlethreaded.SingleThreadedBuilder.build(SingleThreadedBuilder.java:51)
	at org.apache.maven.lifecycle.internal.LifecycleStarter.execute(LifecycleStarter.java:128)
	at org.apache.maven.DefaultMaven.doExecute(DefaultMaven.java:307)
	at org.apache.maven.DefaultMaven.doExecute(DefaultMaven.java:193)
	at org.apache.maven.DefaultMaven.execute(DefaultMaven.java:106)
	at org.apache.maven.cli.MavenCli.execute(MavenCli.java:863)
	at org.apache.maven.cli.MavenCli.doMain(MavenCli.java:288)
	at org.apache.maven.cli.MavenCli.main(MavenCli.java:199)
	at sun.reflect.NativeMethodAccessorImpl.invoke0(Native Method)
	at sun.reflect.NativeMethodAccessorImpl.invoke(Unknown Source)
	at sun.reflect.DelegatingMethodAccessorImpl.invoke(Unknown Source)
	at java.lang.reflect.Method.invoke(Unknown Source)
	at org.codehaus.plexus.classworlds.launcher.Launcher.launchEnhanced(Launcher.java:289)
	at org.codehaus.plexus.classworlds.launcher.Launcher.launch(Launcher.java:229)
	at org.codehaus.plexus.classworlds.launcher.Launcher.mainWithExitCode(Launcher.java:415)
	at org.codehaus.plexus.classworlds.launcher.Launcher.main(Launcher.java:356)
]]>
            </full-stacktrace>
          </exception> <!-- junit.framework.AssertionFailedError -->
          <reporter-output>
          </reporter-output>
        </test-method> <!-- method3 -->
        <test-method status="PASS" signature="tearDown()[pri:0, instance:com.qa.mark42.testscripts.HomePage_TestScripts@24fabd0f]" name="tearDown" is-config="true" duration-ms="1055" started-at="2016-08-27T14:57:59Z" finished-at="2016-08-27T14:58:00Z">
          <reporter-output>
          </reporter-output>
        </test-method> <!-- tearDown -->
      </class> <!-- com.qa.mark42.testscripts.HomePage_TestScripts -->
    </test> <!-- Test -->
  </suite> <!-- Suite -->
</testng-results>
