<?xml version="1.0" encoding="UTF-8"?>
<testsuite xmlns:xsi="http://www.w3.org/2001/XMLSchema-instance" xsi:schemaLocation="https://maven.apache.org/surefire/maven-surefire-plugin/xsd/surefire-test-report.xsd" name="TestSuite" time="111.316" tests="4" errors="0" skipped="0" failures="1">
  <properties>
[...]
</properties>
  <testcase name="VerifyPageTitle" classname="com.qa.mark42.testscripts.HomePage_TestScripts" time="0.062"/>
  <testcase name="method1" classname="com.qa.mark42.testscripts.HomePage_TestScripts" time="0.042"/>
  <testcase name="method2" classname="com.qa.mark42.testscripts.HomePage_TestScripts" time="0.042"/>
  <testcase name="method3" classname="com.qa.mark42.testscripts.HomePage_TestScripts" time="0.085">
    <failure message="Page title doesn&apos;t matched" type="junit.framework.AssertionFailedError">junit.framework.AssertionFailedError: Page title doesn't matched
	at com.qa.mark42.testscripts.HomePage_TestScripts.method3(HomePage_TestScripts.java:43)
</failure>
    <system-out><![CDATA[Im launch browser
]]></system-out>
    <system-err><![CDATA[Aug 27, 2016 2:57:35 PM org.openqa.selenium.os.UnixProcess$SeleniumWatchDog destroyHarder
INFO: Command failed to close cleanly. Destroying forcefully (v2). org.openqa.selenium.os.UnixProcess$SeleniumWatchDog@a96d56c
]]></system-err>
  </testcase>
</testsuite>